This is pdfTeX, Version 3.14159265-2.6-1.40.18 (MiKTeX 2.9.6600 64-bit) (preloaded format=pdflatex 2018.2.28)  20 MAR 2019 20:08
entering extended mode
**./paper.tex
(paper.tex
LaTeX2e <2017-04-15>
Babel <3.17> and hyphenation patterns for 75 language(s) loaded.

("C:\Users\rwei\AppData\Local\Programs\MiKTeX 2.9\tex\latex\elsarticle\elsartic
le.cls"
Document Class: elsarticle 2019/01/14, 3.1: Elsevier Ltd
\@bls=\dimen102
("C:\Users\rwei\AppData\Local\Programs\MiKTeX 2.9\tex\latex\base\article.cls"
Document Class: article 2014/09/29 v1.4h Standard LaTeX document class
("C:\Users\rwei\AppData\Local\Programs\MiKTeX 2.9\tex\latex\base\size11.clo"
File: size11.clo 2014/09/29 v1.4h Standard LaTeX file (size option)
)
\c@part=\count79
\c@section=\count80
\c@subsection=\count81
\c@subsubsection=\count82
\c@paragraph=\count83
\c@subparagraph=\count84
\c@figure=\count85
\c@table=\count86
\abovecaptionskip=\skip41
\belowcaptionskip=\skip42
\bibindent=\dimen103
)
("C:\Users\rwei\AppData\Local\Programs\MiKTeX 2.9\tex\latex\graphics\graphicx.s
ty"
Package: graphicx 2017/06/01 v1.1a Enhanced LaTeX Graphics (DPC,SPQR)

("C:\Users\rwei\AppData\Local\Programs\MiKTeX 2.9\tex\latex\graphics\keyval.sty
"
Package: keyval 2014/10/28 v1.15 key=value parser (DPC)
\KV@toks@=\toks14
)
("C:\Users\rwei\AppData\Local\Programs\MiKTeX 2.9\tex\latex\graphics\graphics.s
ty"
Package: graphics 2017/06/25 v1.2c Standard LaTeX Graphics (DPC,SPQR)

("C:\Users\rwei\AppData\Local\Programs\MiKTeX 2.9\tex\latex\graphics\trig.sty"
Package: trig 2016/01/03 v1.10 sin cos tan (DPC)
)
("C:\Users\rwei\AppData\Local\Programs\MiKTeX 2.9\tex\latex\graphics-cfg\graphi
cs.cfg"
File: graphics.cfg 2016/06/04 v1.11 sample graphics configuration
)
Package graphics Info: Driver file: pdftex.def on input line 99.

("C:\Users\rwei\AppData\Local\Programs\MiKTeX 2.9\tex\latex\graphics-def\pdftex
.def"
File: pdftex.def 2018/01/08 v1.0l Graphics/color driver for pdftex
))
\Gin@req@height=\dimen104
\Gin@req@width=\dimen105
)
\c@tnote=\count87
\c@fnote=\count88
\c@cnote=\count89
\c@ead=\count90
\c@author=\count91
\@eadauthor=\toks15
\c@affn=\count92
\absbox=\box26
\keybox=\box27
\Columnwidth=\dimen106
\space@left=\dimen107
\els@boxa=\box28
\els@boxb=\box29
\leftMargin=\dimen108
\@enLab=\toks16
\@sep=\skip43
\@@sep=\skip44
 (paper.spl)
("C:\Users\rwei\AppData\Local\Programs\MiKTeX 2.9\tex\latex\natbib\natbib.sty"
Package: natbib 2010/09/13 8.31b (PWD, AO)
\bibhang=\skip45
\bibsep=\skip46
LaTeX Info: Redefining \cite on input line 694.
\c@NAT@ctr=\count93
)
\splwrite=\write3
\openout3 = `paper.spl'.

\appnamewidth=\dimen109
)
("C:\Users\rwei\AppData\Local\Programs\MiKTeX 2.9\tex\latex\hyperref\hyperref.s
ty"
Package: hyperref 2018/02/06 v6.86b Hypertext links for LaTeX

("C:\Users\rwei\AppData\Local\Programs\MiKTeX 2.9\tex\generic\oberdiek\hobsub-h
yperref.sty"
Package: hobsub-hyperref 2016/05/16 v1.14 Bundle oberdiek, subset hyperref (HO)


("C:\Users\rwei\AppData\Local\Programs\MiKTeX 2.9\tex\generic\oberdiek\hobsub-g
eneric.sty"
Package: hobsub-generic 2016/05/16 v1.14 Bundle oberdiek, subset generic (HO)
Package: hobsub 2016/05/16 v1.14 Construct package bundles (HO)
Package: infwarerr 2016/05/16 v1.4 Providing info/warning/error messages (HO)
Package: ltxcmds 2016/05/16 v1.23 LaTeX kernel commands for general use (HO)
Package: ifluatex 2016/05/16 v1.4 Provides the ifluatex switch (HO)
Package ifluatex Info: LuaTeX not detected.
Package: ifvtex 2016/05/16 v1.6 Detect VTeX and its facilities (HO)
Package ifvtex Info: VTeX not detected.
Package: intcalc 2016/05/16 v1.2 Expandable calculations with integers (HO)
Package: ifpdf 2017/03/15 v3.2 Provides the ifpdf switch
Package: etexcmds 2016/05/16 v1.6 Avoid name clashes with e-TeX commands (HO)
Package etexcmds Info: Could not find \expanded.
(etexcmds)             That can mean that you are not using pdfTeX 1.50 or
(etexcmds)             that some package has redefined \expanded.
(etexcmds)             In the latter case, load this package earlier.
Package: kvsetkeys 2016/05/16 v1.17 Key value parser (HO)
Package: kvdefinekeys 2016/05/16 v1.4 Define keys (HO)
Package: pdftexcmds 2018/01/21 v0.26 Utility functions of pdfTeX for LuaTeX (HO
)
Package pdftexcmds Info: LuaTeX not detected.
Package pdftexcmds Info: \pdf@primitive is available.
Package pdftexcmds Info: \pdf@ifprimitive is available.
Package pdftexcmds Info: \pdfdraftmode found.
Package: pdfescape 2016/05/16 v1.14 Implements pdfTeX's escape features (HO)
Package: bigintcalc 2016/05/16 v1.4 Expandable calculations on big integers (HO
)
Package: bitset 2016/05/16 v1.2 Handle bit-vector datatype (HO)
Package: uniquecounter 2016/05/16 v1.3 Provide unlimited unique counter (HO)
)
Package hobsub Info: Skipping package `hobsub' (already loaded).
Package: letltxmacro 2016/05/16 v1.5 Let assignment for LaTeX macros (HO)
Package: hopatch 2016/05/16 v1.3 Wrapper for package hooks (HO)
Package: xcolor-patch 2016/05/16 xcolor patch
Package: atveryend 2016/05/16 v1.9 Hooks at the very end of document (HO)
Package atveryend Info: \enddocument detected (standard20110627).
Package: atbegshi 2016/06/09 v1.18 At begin shipout hook (HO)
Package: refcount 2016/05/16 v3.5 Data extraction from label references (HO)
Package: hycolor 2016/05/16 v1.8 Color options for hyperref/bookmark (HO)
)
("C:\Users\rwei\AppData\Local\Programs\MiKTeX 2.9\tex\generic\ifxetex\ifxetex.s
ty"
Package: ifxetex 2010/09/12 v0.6 Provides ifxetex conditional
)
("C:\Users\rwei\AppData\Local\Programs\MiKTeX 2.9\tex\latex\oberdiek\auxhook.st
y"
Package: auxhook 2016/05/16 v1.4 Hooks for auxiliary files (HO)
)
("C:\Users\rwei\AppData\Local\Programs\MiKTeX 2.9\tex\latex\oberdiek\kvoptions.
sty"
Package: kvoptions 2016/05/16 v3.12 Key value format for package options (HO)
)
\@linkdim=\dimen110
\Hy@linkcounter=\count94
\Hy@pagecounter=\count95

("C:\Users\rwei\AppData\Local\Programs\MiKTeX 2.9\tex\latex\hyperref\pd1enc.def
"
File: pd1enc.def 2018/02/06 v6.86b Hyperref: PDFDocEncoding definition (HO)
)
\Hy@SavedSpaceFactor=\count96

("C:\Users\rwei\AppData\Local\Programs\MiKTeX 2.9\tex\latex\00miktex\hyperref.c
fg"
File: hyperref.cfg 2002/06/06 v1.2 hyperref configuration of TeXLive
)
Package hyperref Info: Option `colorlinks' set `true' on input line 4383.
Package hyperref Info: Option `bookmarksopen' set `true' on input line 4383.
Package hyperref Info: Option `bookmarksnumbered' set `true' on input line 4383
.
Package hyperref Info: Hyper figures OFF on input line 4509.
Package hyperref Info: Link nesting OFF on input line 4514.
Package hyperref Info: Hyper index ON on input line 4517.
Package hyperref Info: Plain pages OFF on input line 4524.
Package hyperref Info: Backreferencing OFF on input line 4529.
Package hyperref Info: Implicit mode ON; LaTeX internals redefined.
Package hyperref Info: Bookmarks ON on input line 4762.
\c@Hy@tempcnt=\count97
 ("C:\Users\rwei\AppData\Local\Programs\MiKTeX 2.9\tex\latex\url\url.sty"
\Urlmuskip=\muskip10
Package: url 2013/09/16  ver 3.4  Verb mode for urls, etc.
)
LaTeX Info: Redefining \url on input line 5115.
\XeTeXLinkMargin=\dimen111
\Fld@menulength=\count98
\Field@Width=\dimen112
\Fld@charsize=\dimen113
Package hyperref Info: Hyper figures OFF on input line 6369.
Package hyperref Info: Link nesting OFF on input line 6374.
Package hyperref Info: Hyper index ON on input line 6377.
Package hyperref Info: backreferencing OFF on input line 6384.
Package hyperref Info: Link coloring ON on input line 6387.
Package hyperref Info: Link coloring with OCG OFF on input line 6394.
Package hyperref Info: PDF/A mode OFF on input line 6399.
LaTeX Info: Redefining \ref on input line 6439.
LaTeX Info: Redefining \pageref on input line 6443.
\Hy@abspage=\count99
\c@Item=\count100
\c@Hfootnote=\count101
)
Package hyperref Info: Driver (autodetected): hpdftex.

("C:\Users\rwei\AppData\Local\Programs\MiKTeX 2.9\tex\latex\hyperref\hpdftex.de
f"
File: hpdftex.def 2018/02/06 v6.86b Hyperref driver for pdfTeX
\Fld@listcount=\count102
\c@bookmark@seq@number=\count103

("C:\Users\rwei\AppData\Local\Programs\MiKTeX 2.9\tex\latex\oberdiek\rerunfilec
heck.sty"
Package: rerunfilecheck 2016/05/16 v1.8 Rerun checks for auxiliary files (HO)
Package uniquecounter Info: New unique counter `rerunfilecheck' on input line 2
82.
)
\Hy@SectionHShift=\skip47
)
("C:\Users\rwei\AppData\Local\Programs\MiKTeX 2.9\tex\latex\listings\listings.s
ty"
\lst@mode=\count104
\lst@gtempboxa=\box30
\lst@token=\toks17
\lst@length=\count105
\lst@currlwidth=\dimen114
\lst@column=\count106
\lst@pos=\count107
\lst@lostspace=\dimen115
\lst@width=\dimen116
\lst@newlines=\count108
\lst@lineno=\count109
\lst@maxwidth=\dimen117

("C:\Users\rwei\AppData\Local\Programs\MiKTeX 2.9\tex\latex\listings\lstmisc.st
y"
File: lstmisc.sty 2015/06/04 1.6 (Carsten Heinz)
\c@lstnumber=\count110
\lst@skipnumbers=\count111
\lst@framebox=\box31
)
("C:\Users\rwei\AppData\Local\Programs\MiKTeX 2.9\tex\latex\listings\listings.c
fg"
File: listings.cfg 2015/06/04 1.6 listings configuration
))
Package: listings 2015/06/04 1.6 (Carsten Heinz)

("C:\Users\rwei\AppData\Local\Programs\MiKTeX 2.9\tex\latex\caption\caption.sty
"
Package: caption 2016/02/21 v3.3-144 Customizing captions (AR)

("C:\Users\rwei\AppData\Local\Programs\MiKTeX 2.9\tex\latex\caption\caption3.st
y"
Package: caption3 2016/05/22 v1.7-166 caption3 kernel (AR)
Package caption3 Info: TeX engine: e-TeX on input line 67.
\captionmargin=\dimen118
\captionmargin@=\dimen119
\captionwidth=\dimen120
\caption@tempdima=\dimen121
\caption@indent=\dimen122
\caption@parindent=\dimen123
\caption@hangindent=\dimen124
)
\c@ContinuedFloat=\count112
Package caption Info: hyperref package is loaded.
Package caption Info: listings package is loaded.
)
("C:\Users\rwei\AppData\Local\Programs\MiKTeX 2.9\tex\latex\subfiles\subfiles.s
ty"
Package: subfiles 2018/07/31 Federico Garcia, Gernot Salzer

("C:\Users\rwei\AppData\Local\Programs\MiKTeX 2.9\tex\latex\tools\verbatim.sty"
Package: verbatim 2014/10/28 v1.5q LaTeX2e package for verbatim enhancements
\every@verbatim=\toks18
\verbatim@line=\toks19
\verbatim@in@stream=\read1
))
("C:\Users\rwei\AppData\Local\Programs\MiKTeX 2.9\tex\latex\algorithm2e\algorit
hm2e.sty"
Package: algorithm2e 2017/07/18 v5.2 algorithms environments
\c@AlgoLine=\count113

("C:\Users\rwei\AppData\Local\Programs\MiKTeX 2.9\tex\latex\base\ifthen.sty"
Package: ifthen 2014/09/29 v1.1c Standard LaTeX ifthen package (DPC)
)
\algocf@hangindent=\skip48

("C:\Users\rwei\AppData\Local\Programs\MiKTeX 2.9\tex\latex\ifoddpage\ifoddpage
.sty"
Package: ifoddpage 2016/04/23 v1.1 Conditionals for odd/even page detection
\c@checkoddpage=\count114
)
("C:\Users\rwei\AppData\Local\Programs\MiKTeX 2.9\tex\latex\tools\xspace.sty"
Package: xspace 2014/10/28 v1.13 Space after command names (DPC,MH)
)
("C:\Users\rwei\AppData\Local\Programs\MiKTeX 2.9\tex\latex\ltxmisc\relsize.sty
"
Package: relsize 2003/07/04 ver 3.1
)
\skiptotal=\skip49
\skiplinenumber=\skip50
\skiprule=\skip51
\skiphlne=\skip52
\skiptext=\skip53
\skiplength=\skip54
\algomargin=\skip55
\skipalgocfslide=\skip56
\algowidth=\dimen125
\inoutsize=\dimen126
\inoutindent=\dimen127
\interspacetitleruled=\dimen128
\interspacealgoruled=\dimen129
\interspacetitleboxruled=\dimen130
\algocf@ruledwidth=\skip57
\algocf@inoutbox=\box32
\algocf@inputbox=\box33
\AlCapSkip=\skip58
\AlCapHSkip=\skip59
\algoskipindent=\skip60
\algocf@nlbox=\box34
\algocf@hangingbox=\box35
\algocf@untilbox=\box36
\algocf@skipuntil=\skip61
\algocf@capbox=\box37
\algocf@lcaptionbox=\skip62
\algoheightruledefault=\skip63
\algoheightrule=\skip64
\algotitleheightruledefault=\skip65
\algotitleheightrule=\skip66
\c@algocfline=\count115
\c@algocfproc=\count116
\c@algocf=\count117
\algocf@algoframe=\box38
\algocf@algobox=\box39
)
("C:\Users\rwei\AppData\Local\Programs\MiKTeX 2.9\tex\latex\xcolor\xcolor.sty"
Package: xcolor 2016/05/11 v2.12 LaTeX color extensions (UK)

("C:\Users\rwei\AppData\Local\Programs\MiKTeX 2.9\tex\latex\graphics-cfg\color.
cfg"
File: color.cfg 2016/01/02 v1.6 sample color configuration
)
Package xcolor Info: Driver file: pdftex.def on input line 225.
Package xcolor Info: Model `cmy' substituted by `cmy0' on input line 1348.
Package xcolor Info: Model `hsb' substituted by `rgb' on input line 1352.
Package xcolor Info: Model `RGB' extended on input line 1364.
Package xcolor Info: Model `HTML' substituted by `rgb' on input line 1366.
Package xcolor Info: Model `Hsb' substituted by `hsb' on input line 1367.
Package xcolor Info: Model `tHsb' substituted by `hsb' on input line 1368.
Package xcolor Info: Model `HSB' substituted by `hsb' on input line 1369.
Package xcolor Info: Model `Gray' substituted by `gray' on input line 1370.
Package xcolor Info: Model `wave' substituted by `hsb' on input line 1371.

("C:\Users\rwei\AppData\Local\Programs\MiKTeX 2.9\tex\latex\graphics\dvipsnam.d
ef"
File: dvipsnam.def 2016/06/17 v3.0m Driver-dependent file (DPC,SPQR)
))
("C:\Users\rwei\AppData\Local\Programs\MiKTeX 2.9\tex\latex\todonotes\todonotes
.sty"
Package: todonotes 2015/07/09 .dtx Todonotes source and documentation.
Package: todonotes 2012/07/25

("C:\Users\rwei\AppData\Local\Programs\MiKTeX 2.9\tex\latex\xkeyval\xkeyval.sty
"
Package: xkeyval 2014/12/03 v2.7a package option processing (HA)

("C:\Users\rwei\AppData\Local\Programs\MiKTeX 2.9\tex\generic\xkeyval\xkeyval.t
ex"
("C:\Users\rwei\AppData\Local\Programs\MiKTeX 2.9\tex\generic\xkeyval\xkvutils.
tex"
\XKV@toks=\toks20
\XKV@tempa@toks=\toks21
)
\XKV@depth=\count118
File: xkeyval.tex 2014/12/03 v2.7a key=value parser (HA)
))
("C:\Users\rwei\AppData\Local\Programs\MiKTeX 2.9\tex\latex\pgf\frontendlayer\t
ikz.sty"
("C:\Users\rwei\AppData\Local\Programs\MiKTeX 2.9\tex\latex\pgf\basiclayer\pgf.
sty"
("C:\Users\rwei\AppData\Local\Programs\MiKTeX 2.9\tex\latex\pgf\utilities\pgfrc
s.sty"
("C:\Users\rwei\AppData\Local\Programs\MiKTeX 2.9\tex\generic\pgf\utilities\pgf
util-common.tex"
\pgfutil@everybye=\toks22
\pgfutil@tempdima=\dimen131
\pgfutil@tempdimb=\dimen132

("C:\Users\rwei\AppData\Local\Programs\MiKTeX 2.9\tex\generic\pgf\utilities\pgf
util-common-lists.tex"))
("C:\Users\rwei\AppData\Local\Programs\MiKTeX 2.9\tex\generic\pgf\utilities\pgf
util-latex.def"
\pgfutil@abb=\box40

("C:\Users\rwei\AppData\Local\Programs\MiKTeX 2.9\tex\latex\ms\everyshi.sty"
Package: everyshi 2001/05/15 v3.00 EveryShipout Package (MS)
))
("C:\Users\rwei\AppData\Local\Programs\MiKTeX 2.9\tex\generic\pgf\utilities\pgf
rcs.code.tex"
Package: pgfrcs 2015/08/07 v3.0.1a (rcs-revision 1.31)
))
Package: pgf 2015/08/07 v3.0.1a (rcs-revision 1.15)

("C:\Users\rwei\AppData\Local\Programs\MiKTeX 2.9\tex\latex\pgf\basiclayer\pgfc
ore.sty"
("C:\Users\rwei\AppData\Local\Programs\MiKTeX 2.9\tex\latex\pgf\systemlayer\pgf
sys.sty"
("C:\Users\rwei\AppData\Local\Programs\MiKTeX 2.9\tex\generic\pgf\systemlayer\p
gfsys.code.tex"
Package: pgfsys 2014/07/09 v3.0.1a (rcs-revision 1.48)

("C:\Users\rwei\AppData\Local\Programs\MiKTeX 2.9\tex\generic\pgf\utilities\pgf
keys.code.tex"
\pgfkeys@pathtoks=\toks23
\pgfkeys@temptoks=\toks24

("C:\Users\rwei\AppData\Local\Programs\MiKTeX 2.9\tex\generic\pgf\utilities\pgf
keysfiltered.code.tex"
\pgfkeys@tmptoks=\toks25
))
\pgf@x=\dimen133
\pgf@y=\dimen134
\pgf@xa=\dimen135
\pgf@ya=\dimen136
\pgf@xb=\dimen137
\pgf@yb=\dimen138
\pgf@xc=\dimen139
\pgf@yc=\dimen140
\w@pgf@writea=\write4
\r@pgf@reada=\read2
\c@pgf@counta=\count119
\c@pgf@countb=\count120
\c@pgf@countc=\count121
\c@pgf@countd=\count122
\t@pgf@toka=\toks26
\t@pgf@tokb=\toks27
\t@pgf@tokc=\toks28

("C:\Users\rwei\AppData\Local\Programs\MiKTeX 2.9\tex\generic\pgf\systemlayer\p
gf.cfg"
File: pgf.cfg 2008/05/14  (rcs-revision 1.7)
)
Driver file for pgf: pgfsys-pdftex.def

("C:\Users\rwei\AppData\Local\Programs\MiKTeX 2.9\tex\generic\pgf\systemlayer\p
gfsys-pdftex.def"
File: pgfsys-pdftex.def 2014/10/11  (rcs-revision 1.35)

("C:\Users\rwei\AppData\Local\Programs\MiKTeX 2.9\tex\generic\pgf\systemlayer\p
gfsys-common-pdf.def"
File: pgfsys-common-pdf.def 2013/10/10  (rcs-revision 1.13)
)))
("C:\Users\rwei\AppData\Local\Programs\MiKTeX 2.9\tex\generic\pgf\systemlayer\p
gfsyssoftpath.code.tex"
File: pgfsyssoftpath.code.tex 2013/09/09  (rcs-revision 1.9)
\pgfsyssoftpath@smallbuffer@items=\count123
\pgfsyssoftpath@bigbuffer@items=\count124
)
("C:\Users\rwei\AppData\Local\Programs\MiKTeX 2.9\tex\generic\pgf\systemlayer\p
gfsysprotocol.code.tex"
File: pgfsysprotocol.code.tex 2006/10/16  (rcs-revision 1.4)
))
("C:\Users\rwei\AppData\Local\Programs\MiKTeX 2.9\tex\generic\pgf\basiclayer\pg
fcore.code.tex"
Package: pgfcore 2010/04/11 v3.0.1a (rcs-revision 1.7)

("C:\Users\rwei\AppData\Local\Programs\MiKTeX 2.9\tex\generic\pgf\math\pgfmath.
code.tex"
("C:\Users\rwei\AppData\Local\Programs\MiKTeX 2.9\tex\generic\pgf\math\pgfmathc
alc.code.tex"
("C:\Users\rwei\AppData\Local\Programs\MiKTeX 2.9\tex\generic\pgf\math\pgfmathu
til.code.tex")
("C:\Users\rwei\AppData\Local\Programs\MiKTeX 2.9\tex\generic\pgf\math\pgfmathp
arser.code.tex"
\pgfmath@dimen=\dimen141
\pgfmath@count=\count125
\pgfmath@box=\box41
\pgfmath@toks=\toks29
\pgfmath@stack@operand=\toks30
\pgfmath@stack@operation=\toks31
)
("C:\Users\rwei\AppData\Local\Programs\MiKTeX 2.9\tex\generic\pgf\math\pgfmathf
unctions.code.tex"
("C:\Users\rwei\AppData\Local\Programs\MiKTeX 2.9\tex\generic\pgf\math\pgfmathf
unctions.basic.code.tex")
("C:\Users\rwei\AppData\Local\Programs\MiKTeX 2.9\tex\generic\pgf\math\pgfmathf
unctions.trigonometric.code.tex")
("C:\Users\rwei\AppData\Local\Programs\MiKTeX 2.9\tex\generic\pgf\math\pgfmathf
unctions.random.code.tex")
("C:\Users\rwei\AppData\Local\Programs\MiKTeX 2.9\tex\generic\pgf\math\pgfmathf
unctions.comparison.code.tex")
("C:\Users\rwei\AppData\Local\Programs\MiKTeX 2.9\tex\generic\pgf\math\pgfmathf
unctions.base.code.tex")
("C:\Users\rwei\AppData\Local\Programs\MiKTeX 2.9\tex\generic\pgf\math\pgfmathf
unctions.round.code.tex")
("C:\Users\rwei\AppData\Local\Programs\MiKTeX 2.9\tex\generic\pgf\math\pgfmathf
unctions.misc.code.tex")
("C:\Users\rwei\AppData\Local\Programs\MiKTeX 2.9\tex\generic\pgf\math\pgfmathf
unctions.integerarithmetics.code.tex")))
("C:\Users\rwei\AppData\Local\Programs\MiKTeX 2.9\tex\generic\pgf\math\pgfmathf
loat.code.tex"
\c@pgfmathroundto@lastzeros=\count126
))
("C:\Users\rwei\AppData\Local\Programs\MiKTeX 2.9\tex\generic\pgf\basiclayer\pg
fcorepoints.code.tex"
File: pgfcorepoints.code.tex 2013/10/07  (rcs-revision 1.27)
\pgf@picminx=\dimen142
\pgf@picmaxx=\dimen143
\pgf@picminy=\dimen144
\pgf@picmaxy=\dimen145
\pgf@pathminx=\dimen146
\pgf@pathmaxx=\dimen147
\pgf@pathminy=\dimen148
\pgf@pathmaxy=\dimen149
\pgf@xx=\dimen150
\pgf@xy=\dimen151
\pgf@yx=\dimen152
\pgf@yy=\dimen153
\pgf@zx=\dimen154
\pgf@zy=\dimen155
)
("C:\Users\rwei\AppData\Local\Programs\MiKTeX 2.9\tex\generic\pgf\basiclayer\pg
fcorepathconstruct.code.tex"
File: pgfcorepathconstruct.code.tex 2013/10/07  (rcs-revision 1.29)
\pgf@path@lastx=\dimen156
\pgf@path@lasty=\dimen157
)
("C:\Users\rwei\AppData\Local\Programs\MiKTeX 2.9\tex\generic\pgf\basiclayer\pg
fcorepathusage.code.tex"
File: pgfcorepathusage.code.tex 2014/11/02  (rcs-revision 1.24)
\pgf@shorten@end@additional=\dimen158
\pgf@shorten@start@additional=\dimen159
)
("C:\Users\rwei\AppData\Local\Programs\MiKTeX 2.9\tex\generic\pgf\basiclayer\pg
fcorescopes.code.tex"
File: pgfcorescopes.code.tex 2015/05/08  (rcs-revision 1.46)
\pgfpic=\box42
\pgf@hbox=\box43
\pgf@layerbox@main=\box44
\pgf@picture@serial@count=\count127
)
("C:\Users\rwei\AppData\Local\Programs\MiKTeX 2.9\tex\generic\pgf\basiclayer\pg
fcoregraphicstate.code.tex"
File: pgfcoregraphicstate.code.tex 2014/11/02  (rcs-revision 1.12)
\pgflinewidth=\dimen160
)
("C:\Users\rwei\AppData\Local\Programs\MiKTeX 2.9\tex\generic\pgf\basiclayer\pg
fcoretransformations.code.tex"
File: pgfcoretransformations.code.tex 2015/08/07  (rcs-revision 1.20)
\pgf@pt@x=\dimen161
\pgf@pt@y=\dimen162
\pgf@pt@temp=\dimen163
)
("C:\Users\rwei\AppData\Local\Programs\MiKTeX 2.9\tex\generic\pgf\basiclayer\pg
fcorequick.code.tex"
File: pgfcorequick.code.tex 2008/10/09  (rcs-revision 1.3)
)
("C:\Users\rwei\AppData\Local\Programs\MiKTeX 2.9\tex\generic\pgf\basiclayer\pg
fcoreobjects.code.tex"
File: pgfcoreobjects.code.tex 2006/10/11  (rcs-revision 1.2)
)
("C:\Users\rwei\AppData\Local\Programs\MiKTeX 2.9\tex\generic\pgf\basiclayer\pg
fcorepathprocessing.code.tex"
File: pgfcorepathprocessing.code.tex 2013/09/09  (rcs-revision 1.9)
)
("C:\Users\rwei\AppData\Local\Programs\MiKTeX 2.9\tex\generic\pgf\basiclayer\pg
fcorearrows.code.tex"
File: pgfcorearrows.code.tex 2015/05/14  (rcs-revision 1.43)
\pgfarrowsep=\dimen164
)
("C:\Users\rwei\AppData\Local\Programs\MiKTeX 2.9\tex\generic\pgf\basiclayer\pg
fcoreshade.code.tex"
File: pgfcoreshade.code.tex 2013/07/15  (rcs-revision 1.15)
\pgf@max=\dimen165
\pgf@sys@shading@range@num=\count128
)
("C:\Users\rwei\AppData\Local\Programs\MiKTeX 2.9\tex\generic\pgf\basiclayer\pg
fcoreimage.code.tex"
File: pgfcoreimage.code.tex 2013/07/15  (rcs-revision 1.18)

("C:\Users\rwei\AppData\Local\Programs\MiKTeX 2.9\tex\generic\pgf\basiclayer\pg
fcoreexternal.code.tex"
File: pgfcoreexternal.code.tex 2014/07/09  (rcs-revision 1.21)
\pgfexternal@startupbox=\box45
))
("C:\Users\rwei\AppData\Local\Programs\MiKTeX 2.9\tex\generic\pgf\basiclayer\pg
fcorelayers.code.tex"
File: pgfcorelayers.code.tex 2013/07/18  (rcs-revision 1.7)
)
("C:\Users\rwei\AppData\Local\Programs\MiKTeX 2.9\tex\generic\pgf\basiclayer\pg
fcoretransparency.code.tex"
File: pgfcoretransparency.code.tex 2013/09/30  (rcs-revision 1.5)
)
("C:\Users\rwei\AppData\Local\Programs\MiKTeX 2.9\tex\generic\pgf\basiclayer\pg
fcorepatterns.code.tex"
File: pgfcorepatterns.code.tex 2013/11/07  (rcs-revision 1.5)
)))
("C:\Users\rwei\AppData\Local\Programs\MiKTeX 2.9\tex\generic\pgf\modules\pgfmo
duleshapes.code.tex"
File: pgfmoduleshapes.code.tex 2014/03/21  (rcs-revision 1.35)
\pgfnodeparttextbox=\box46
)
("C:\Users\rwei\AppData\Local\Programs\MiKTeX 2.9\tex\generic\pgf\modules\pgfmo
duleplot.code.tex"
File: pgfmoduleplot.code.tex 2015/08/03  (rcs-revision 1.13)
)
("C:\Users\rwei\AppData\Local\Programs\MiKTeX 2.9\tex\latex\pgf\compatibility\p
gfcomp-version-0-65.sty"
Package: pgfcomp-version-0-65 2007/07/03 v3.0.1a (rcs-revision 1.7)
\pgf@nodesepstart=\dimen166
\pgf@nodesepend=\dimen167
)
("C:\Users\rwei\AppData\Local\Programs\MiKTeX 2.9\tex\latex\pgf\compatibility\p
gfcomp-version-1-18.sty"
Package: pgfcomp-version-1-18 2007/07/23 v3.0.1a (rcs-revision 1.1)
))
("C:\Users\rwei\AppData\Local\Programs\MiKTeX 2.9\tex\latex\pgf\utilities\pgffo
r.sty"
("C:\Users\rwei\AppData\Local\Programs\MiKTeX 2.9\tex\latex\pgf\utilities\pgfke
ys.sty"
("C:\Users\rwei\AppData\Local\Programs\MiKTeX 2.9\tex\generic\pgf\utilities\pgf
keys.code.tex"))
("C:\Users\rwei\AppData\Local\Programs\MiKTeX 2.9\tex\latex\pgf\math\pgfmath.st
y"
("C:\Users\rwei\AppData\Local\Programs\MiKTeX 2.9\tex\generic\pgf\math\pgfmath.
code.tex"))
("C:\Users\rwei\AppData\Local\Programs\MiKTeX 2.9\tex\generic\pgf\utilities\pgf
for.code.tex"
Package: pgffor 2013/12/13 v3.0.1a (rcs-revision 1.25)

("C:\Users\rwei\AppData\Local\Programs\MiKTeX 2.9\tex\generic\pgf\math\pgfmath.
code.tex")
\pgffor@iter=\dimen168
\pgffor@skip=\dimen169
\pgffor@stack=\toks32
\pgffor@toks=\toks33
))
("C:\Users\rwei\AppData\Local\Programs\MiKTeX 2.9\tex\generic\pgf\frontendlayer
\tikz\tikz.code.tex"
Package: tikz 2015/08/07 v3.0.1a (rcs-revision 1.151)

("C:\Users\rwei\AppData\Local\Programs\MiKTeX 2.9\tex\generic\pgf\libraries\pgf
libraryplothandlers.code.tex"
File: pgflibraryplothandlers.code.tex 2013/08/31 v3.0.1a (rcs-revision 1.20)
\pgf@plot@mark@count=\count129
\pgfplotmarksize=\dimen170
)
\tikz@lastx=\dimen171
\tikz@lasty=\dimen172
\tikz@lastxsaved=\dimen173
\tikz@lastysaved=\dimen174
\tikzleveldistance=\dimen175
\tikzsiblingdistance=\dimen176
\tikz@figbox=\box47
\tikz@figbox@bg=\box48
\tikz@tempbox=\box49
\tikz@tempbox@bg=\box50
\tikztreelevel=\count130
\tikznumberofchildren=\count131
\tikznumberofcurrentchild=\count132
\tikz@fig@count=\count133

("C:\Users\rwei\AppData\Local\Programs\MiKTeX 2.9\tex\generic\pgf\modules\pgfmo
dulematrix.code.tex"
File: pgfmodulematrix.code.tex 2013/09/17  (rcs-revision 1.8)
\pgfmatrixcurrentrow=\count134
\pgfmatrixcurrentcolumn=\count135
\pgf@matrix@numberofcolumns=\count136
)
\tikz@expandcount=\count137

("C:\Users\rwei\AppData\Local\Programs\MiKTeX 2.9\tex\generic\pgf\frontendlayer
\tikz\libraries\tikzlibrarytopaths.code.tex"
File: tikzlibrarytopaths.code.tex 2008/06/17 v3.0.1a (rcs-revision 1.2)
)))
("C:\Users\rwei\AppData\Local\Programs\MiKTeX 2.9\tex\generic\pgf\frontendlayer
\tikz\libraries\tikzlibrarypositioning.code.tex"
File: tikzlibrarypositioning.code.tex 2008/10/06 v3.0.1a (rcs-revision 1.7)
)
("C:\Users\rwei\AppData\Local\Programs\MiKTeX 2.9\tex\latex\tools\calc.sty"
Package: calc 2014/10/28 v4.3 Infix arithmetic (KKT,FJ)
\calc@Acount=\count138
\calc@Bcount=\count139
\calc@Adimen=\dimen177
\calc@Bdimen=\dimen178
\calc@Askip=\skip67
\calc@Bskip=\skip68
LaTeX Info: Redefining \setlength on input line 80.
LaTeX Info: Redefining \addtolength on input line 81.
\calc@Ccount=\count140
\calc@Cskip=\skip69
)
\c@@todonotes@numberoftodonotes=\count141
)
(paper.aux)
\openout1 = `paper.aux'.

LaTeX Font Info:    Checking defaults for OML/cmm/m/it on input line 53.
LaTeX Font Info:    ... okay on input line 53.
LaTeX Font Info:    Checking defaults for T1/cmr/m/n on input line 53.
LaTeX Font Info:    ... okay on input line 53.
LaTeX Font Info:    Checking defaults for OT1/cmr/m/n on input line 53.
LaTeX Font Info:    ... okay on input line 53.
LaTeX Font Info:    Checking defaults for OMS/cmsy/m/n on input line 53.
LaTeX Font Info:    ... okay on input line 53.
LaTeX Font Info:    Checking defaults for OMX/cmex/m/n on input line 53.
LaTeX Font Info:    ... okay on input line 53.
LaTeX Font Info:    Checking defaults for U/cmr/m/n on input line 53.
LaTeX Font Info:    ... okay on input line 53.
LaTeX Font Info:    Checking defaults for PD1/pdf/m/n on input line 53.
LaTeX Font Info:    ... okay on input line 53.

("C:\Users\rwei\AppData\Local\Programs\MiKTeX 2.9\tex\context\base\supp-pdf.mki
i"
[Loading MPS to PDF converter (version 2006.09.02).]
\scratchcounter=\count142
\scratchdimen=\dimen179
\scratchbox=\box51
\nofMPsegments=\count143
\nofMParguments=\count144
\everyMPshowfont=\toks34
\MPscratchCnt=\count145
\MPscratchDim=\dimen180
\MPnumerator=\count146
\makeMPintoPDFobject=\count147
\everyMPtoPDFconversion=\toks35
)
("C:\Users\rwei\AppData\Local\Programs\MiKTeX 2.9\tex\latex\oberdiek\epstopdf-b
ase.sty"
Package: epstopdf-base 2016/05/15 v2.6 Base part for package epstopdf

("C:\Users\rwei\AppData\Local\Programs\MiKTeX 2.9\tex\latex\oberdiek\grfext.sty
"
Package: grfext 2016/05/16 v1.2 Manage graphics extensions (HO)
)
Package epstopdf-base Info: Redefining graphics rule for `.eps' on input line 4
38.
Package grfext Info: Graphics extension search list:
(grfext)             [.pdf,.png,.jpg,.mps,.jpeg,.jbig2,.jb2,.PDF,.PNG,.JPG,.JPE
G,.JBIG2,.JB2,.eps]
(grfext)             \AppendGraphicsExtensions on input line 456.
)
\AtBeginShipoutBox=\box52
Package hyperref Info: Link coloring ON on input line 53.

("C:\Users\rwei\AppData\Local\Programs\MiKTeX 2.9\tex\latex\hyperref\nameref.st
y"
Package: nameref 2016/05/21 v2.44 Cross-referencing by name of section

("C:\Users\rwei\AppData\Local\Programs\MiKTeX 2.9\tex\generic\oberdiek\gettitle
string.sty"
Package: gettitlestring 2016/05/16 v1.5 Cleanup title references (HO)
)
\c@section@level=\count148
)
LaTeX Info: Redefining \ref on input line 53.
LaTeX Info: Redefining \pageref on input line 53.
LaTeX Info: Redefining \nameref on input line 53.
 (paper.out) (paper.out)
\@outlinefile=\write5
\openout5 = `paper.out'.

\c@lstlisting=\count149
Package caption Info: Begin \AtBeginDocument code.
Package caption Info: End \AtBeginDocument code.
 ABD: EveryShipout initializing macros
LaTeX Font Info:    External font `cmex10' loaded for size
(Font)              <9> on input line 95.
LaTeX Font Info:    External font `cmex10' loaded for size
(Font)              <6> on input line 95.
LaTeX Font Info:    External font `cmex10' loaded for size
(Font)              <5> on input line 95.
LaTeX Font Info:    External font `cmex10' loaded for size
(Font)              <10.95> on input line 95.
LaTeX Font Info:    External font `cmex10' loaded for size
(Font)              <8> on input line 95.

(1.introduction.tex
Overfull \hbox (2.43333pt too wide) has occurred while \output is active
[] 
 []


Package hyperref Warning: Token not allowed in a PDF string (PDFDocEncoding):
(hyperref)                removing `\<def>-command' on input line 6.


Package hyperref Warning: Token not allowed in a PDF string (PDFDocEncoding):
(hyperref)                removing `\cnotenum' on input line 6.


Package hyperref Warning: Token not allowed in a PDF string (PDFDocEncoding):
(hyperref)                removing `\<def>-command' on input line 6.


Package hyperref Warning: Token not allowed in a PDF string (PDFDocEncoding):
(hyperref)                removing `\@corref' on input line 6.


Package hyperref Warning: Token not allowed in a PDF string (PDFDocEncoding):
(hyperref)                removing `\<def>-command' on input line 6.


Package hyperref Warning: Token not allowed in a PDF string (PDFDocEncoding):
(hyperref)                removing `\cnotenum' on input line 6.


Package hyperref Warning: Token not allowed in a PDF string (PDFDocEncoding):
(hyperref)                removing `\<def>-command' on input line 6.


Package hyperref Warning: Token not allowed in a PDF string (PDFDocEncoding):
(hyperref)                removing `\@corref' on input line 6.

[1


{C:/Users/rwei/AppData/Local/MiKTeX/2.9/pdftex/config/pdftex.map}] [2]
LaTeX Font Info:    Try loading font information for OMS+cmr on input line 25.

("C:\Users\rwei\AppData\Local\Programs\MiKTeX 2.9\tex\latex\base\omscmr.fd"
File: omscmr.fd 2014/09/29 v2.5h Standard LaTeX font definitions
)
LaTeX Font Info:    Font shape `OMS/cmr/m/n' in size <10.95> not available
(Font)              Font shape `OMS/cmsy/m/n' tried instead on input line 25.
)
(2.background.tex [3]
Overfull \hbox (0.67763pt too wide) in paragraph at lines 20--25
[]\OT1/cmr/m/n/10.95 Another pop-u-lar graph-i-cal ar-gu-men-ta-tion no-ta-tion
 is \OT1/cmr/m/it/10.95 Claims-Arguments-
 []

[4] [5] [6] [7] [8]
Overfull \hbox (14.69923pt too wide) in paragraph at lines 139--140
[]\OT1/cmr/m/n/10.95 SACM pro-vides a model ba-sis that could un-der-pin As-sur
-ance-Case@Runtime
 []


Overfull \hbox (2.17995pt too wide) in paragraph at lines 147--150
[]\OT1/cmr/bx/n/10.95 Heterogeneous GSN meta-mod-els and mis-align-ment to SACM
\OT1/cmr/m/n/10.95 .
 []

[9]) (3.gsn.tex
Package epstopdf Info: Source file: <./graphics/basicGSN.eps>
(epstopdf)                    date: 2018-10-13 15:41:55
(epstopdf)                    size: 55806 bytes
(epstopdf)             Output file: <./graphics/basicGSN-eps-converted-to.pdf>
(epstopdf)                    date: 2019-03-20 18:44:34
(epstopdf)                    size: 21728 bytes
(epstopdf)             Command: <epstopdf --outfile=./graphics/basicGSN-eps-con
verted-to.pdf ./graphics/basicGSN.eps>
(epstopdf)             \includegraphics on input line 10.
Package epstopdf Info: Output file is already uptodate.
<./graphics/basicGSN-eps-converted-to.pdf, id=272, 1151.30125pt x 456.70625pt>
File: ./graphics/basicGSN-eps-converted-to.pdf Graphic file (type pdf)
<use ./graphics/basicGSN-eps-converted-to.pdf>
Package pdftex.def Info: ./graphics/basicGSN-eps-converted-to.pdf  used on inpu
t line 10.
(pdftex.def)             Requested size: 360.0pt x 142.80397pt.
Package epstopdf Info: Source file: <./graphics/gsnConnectors.eps>
(epstopdf)                    date: 2018-10-13 15:41:55
(epstopdf)                    size: 19422 bytes
(epstopdf)             Output file: <./graphics/gsnConnectors-eps-converted-to.
pdf>
(epstopdf)                    date: 2019-03-20 18:44:35
(epstopdf)                    size: 9205 bytes
(epstopdf)             Command: <epstopdf --outfile=./graphics/gsnConnectors-ep
s-converted-to.pdf ./graphics/gsnConnectors.eps>
(epstopdf)             \includegraphics on input line 25.
Package epstopdf Info: Output file is already uptodate.
<./graphics/gsnConnectors-eps-converted-to.pdf, id=274, 497.86pt x 67.25125pt>
File: ./graphics/gsnConnectors-eps-converted-to.pdf Graphic file (type pdf)
<use ./graphics/gsnConnectors-eps-converted-to.pdf>
Package pdftex.def Info: ./graphics/gsnConnectors-eps-converted-to.pdf  used on
 input line 25.
(pdftex.def)             Requested size: 180.0pt x 24.3151pt.
<./graphics/gsn_example.png, id=276, 997.47656pt x 589.4522pt>
File: ./graphics/gsn_example.png Graphic file (type png)
<use ./graphics/gsn_example.png>
Package pdftex.def Info: ./graphics/gsn_example.png  used on input line 35.
(pdftex.def)             Requested size: 360.0pt x 212.73329pt.
 [10 <./graphics/basicGSN-eps-converted-to.pdf> <./graphics/gsnConnectors-eps-c
onverted-to.pdf>]
Package epstopdf Info: Source file: <./graphics/ModularGSN.eps>
(epstopdf)                    date: 2018-10-13 15:41:55
(epstopdf)                    size: 54761 bytes
(epstopdf)             Output file: <./graphics/ModularGSN-eps-converted-to.pdf
>
(epstopdf)                    date: 2019-03-20 18:44:35
(epstopdf)                    size: 21836 bytes
(epstopdf)             Command: <epstopdf --outfile=./graphics/ModularGSN-eps-c
onverted-to.pdf ./graphics/ModularGSN.eps>
(epstopdf)             \includegraphics on input line 54.
Package epstopdf Info: Output file is already uptodate.
<./graphics/ModularGSN-eps-converted-to.pdf, id=303, 935.495pt x 461.725pt>
File: ./graphics/ModularGSN-eps-converted-to.pdf Graphic file (type pdf)
<use ./graphics/ModularGSN-eps-converted-to.pdf>
Package pdftex.def Info: ./graphics/ModularGSN-eps-converted-to.pdf  used on in
put line 54.
(pdftex.def)             Requested size: 288.0011pt x 142.14691pt.
 [11 <./graphics/gsn_example.png>]
Package epstopdf Info: Source file: <./graphics/gsnPattern.eps>
(epstopdf)                    date: 2018-10-13 15:41:55
(epstopdf)                    size: 50051 bytes
(epstopdf)             Output file: <./graphics/gsnPattern-eps-converted-to.pdf
>
(epstopdf)                    date: 2019-03-20 18:44:36
(epstopdf)                    size: 19031 bytes
(epstopdf)             Command: <epstopdf --outfile=./graphics/gsnPattern-eps-c
onverted-to.pdf ./graphics/gsnPattern.eps>
(epstopdf)             \includegraphics on input line 66.
Package epstopdf Info: Output file is already uptodate.
<./graphics/gsnPattern-eps-converted-to.pdf, id=313, 1023.825pt x 239.89626pt>
File: ./graphics/gsnPattern-eps-converted-to.pdf Graphic file (type pdf)
<use ./graphics/gsnPattern-eps-converted-to.pdf>
Package pdftex.def Info: ./graphics/gsnPattern-eps-converted-to.pdf  used on in
put line 66.
(pdftex.def)             Requested size: 360.0pt x 84.35295pt.
 [12 <./graphics/ModularGSN-eps-converted-to.pdf> <./graphics/gsnPattern-eps-co
nverted-to.pdf>]
<./graphics/pattern_example.pdf, id=345, 352.31625pt x 391.4625pt>
File: ./graphics/pattern_example.pdf Graphic file (type pdf)
<use ./graphics/pattern_example.pdf>
Package pdftex.def Info: ./graphics/pattern_example.pdf  used on input line 81.

(pdftex.def)             Requested size: 251.9989pt x 279.9951pt.
 [13 <./graphics/pattern_example.pdf>]) (4.sacm.tex
Package epstopdf Info: Source file: <./graphics/Overview.eps>
(epstopdf)                    date: 2018-10-13 15:41:55
(epstopdf)                    size: 41263 bytes
(epstopdf)             Output file: <./graphics/Overview-eps-converted-to.pdf>
(epstopdf)                    date: 2019-03-20 18:49:38
(epstopdf)                    size: 7879 bytes
(epstopdf)             Command: <epstopdf --outfile=./graphics/Overview-eps-con
verted-to.pdf ./graphics/Overview.eps>
(epstopdf)             \includegraphics on input line 13.
Package epstopdf Info: Output file is already uptodate.
<./graphics/Overview-eps-converted-to.pdf, id=359, 557.08125pt x 326.21875pt>
File: ./graphics/Overview-eps-converted-to.pdf Graphic file (type pdf)
<use ./graphics/Overview-eps-converted-to.pdf>
Package pdftex.def Info: ./graphics/Overview-eps-converted-to.pdf  used on inpu
t line 13.
(pdftex.def)             Requested size: 216.0022pt x 126.4881pt.
 [14]
Package epstopdf Info: Source file: <./graphics/AssuranceCase.eps>
(epstopdf)                    date: 2018-10-13 15:41:55
(epstopdf)                    size: 44697 bytes
(epstopdf)             Output file: <./graphics/AssuranceCase-eps-converted-to.
pdf>
(epstopdf)                    date: 2019-03-20 18:49:39
(epstopdf)                    size: 13905 bytes
(epstopdf)             Command: <epstopdf --outfile=./graphics/AssuranceCase-ep
s-converted-to.pdf ./graphics/AssuranceCase.eps>
(epstopdf)             \includegraphics on input line 33.
Package epstopdf Info: Output file is already uptodate.
<./graphics/AssuranceCase-eps-converted-to.pdf, id=374, 557.08125pt x 223.83624
pt>
File: ./graphics/AssuranceCase-eps-converted-to.pdf Graphic file (type pdf)
<use ./graphics/AssuranceCase-eps-converted-to.pdf>
Package pdftex.def Info: ./graphics/AssuranceCase-eps-converted-to.pdf  used on
 input line 33.
(pdftex.def)             Requested size: 360.0pt x 144.65163pt.
 [15 <./graphics/Overview-eps-converted-to.pdf>]
Package epstopdf Info: Source file: <./graphics/Base.eps>
(epstopdf)                    date: 2018-10-13 15:41:55
(epstopdf)                    size: 52537 bytes
(epstopdf)             Output file: <./graphics/Base-eps-converted-to.pdf>
(epstopdf)                    date: 2019-03-20 18:49:39
(epstopdf)                    size: 20059 bytes
(epstopdf)             Command: <epstopdf --outfile=./graphics/Base-eps-convert
ed-to.pdf ./graphics/Base.eps>
(epstopdf)             \includegraphics on input line 55.
Package epstopdf Info: Output file is already uptodate.
<./graphics/Base-eps-converted-to.pdf, id=406, 557.08125pt x 332.24126pt>
File: ./graphics/Base-eps-converted-to.pdf Graphic file (type pdf)
<use ./graphics/Base-eps-converted-to.pdf>
Package pdftex.def Info: ./graphics/Base-eps-converted-to.pdf  used on input li
ne 55.
(pdftex.def)             Requested size: 360.0pt x 214.70712pt.
 [16 <./graphics/AssuranceCase-eps-converted-to.pdf>]
Package epstopdf Info: Source file: <./graphics/MultiLangString.eps>
(epstopdf)                    date: 2018-10-13 15:41:55
(epstopdf)                    size: 125700 bytes
(epstopdf)             Output file: <./graphics/MultiLangString-eps-converted-t
o.pdf>
(epstopdf)                    date: 2019-03-20 18:49:41
(epstopdf)                    size: 28788 bytes
(epstopdf)             Command: <epstopdf --outfile=./graphics/MultiLangString-
eps-converted-to.pdf ./graphics/MultiLangString.eps>
(epstopdf)             \includegraphics on input line 77.
Package epstopdf Info: Output file is already uptodate.
<./graphics/MultiLangString-eps-converted-to.pdf, id=444, 375.4025pt x 234.8775
pt>
File: ./graphics/MultiLangString-eps-converted-to.pdf Graphic file (type pdf)
<use ./graphics/MultiLangString-eps-converted-to.pdf>
Package pdftex.def Info: ./graphics/MultiLangString-eps-converted-to.pdf  used 
on input line 77.
(pdftex.def)             Requested size: 180.0pt x 112.62164pt.
 [17 <./graphics/Base-eps-converted-to.pdf>]
Package epstopdf Info: Source file: <./graphics/Artifact.eps>
(epstopdf)                    date: 2018-10-13 15:41:55
(epstopdf)                    size: 50939 bytes
(epstopdf)             Output file: <./graphics/Artifact-eps-converted-to.pdf>
(epstopdf)                    date: 2019-03-20 18:49:41
(epstopdf)                    size: 18947 bytes
(epstopdf)             Command: <epstopdf --outfile=./graphics/Artifact-eps-con
verted-to.pdf ./graphics/Artifact.eps>
(epstopdf)             \includegraphics on input line 106.
Package epstopdf Info: Output file is already uptodate.
<./graphics/Artifact-eps-converted-to.pdf, id=496, 557.08125pt x 229.85875pt>
File: ./graphics/Artifact-eps-converted-to.pdf Graphic file (type pdf)
<use ./graphics/Artifact-eps-converted-to.pdf>
Package pdftex.def Info: ./graphics/Artifact-eps-converted-to.pdf  used on inpu
t line 106.
(pdftex.def)             Requested size: 360.0pt x 148.5436pt.
 [18 <./graphics/MultiLangString-eps-converted-to.pdf>]
Package epstopdf Info: Source file: <./graphics/artifact2.eps>
(epstopdf)                    date: 2018-10-13 15:41:55
(epstopdf)                    size: 164591 bytes
(epstopdf)             Output file: <./graphics/artifact2-eps-converted-to.pdf>

(epstopdf)                    date: 2019-03-20 18:49:43
(epstopdf)                    size: 41341 bytes
(epstopdf)             Command: <epstopdf --outfile=./graphics/artifact2-eps-co
nverted-to.pdf ./graphics/artifact2.eps>
(epstopdf)             \includegraphics on input line 129.
Package epstopdf Info: Output file is already uptodate.
<./graphics/artifact2-eps-converted-to.pdf, id=504, 799.98875pt x 240.9pt>
File: ./graphics/artifact2-eps-converted-to.pdf Graphic file (type pdf)
<use ./graphics/artifact2-eps-converted-to.pdf>
Package pdftex.def Info: ./graphics/artifact2-eps-converted-to.pdf  used on inp
ut line 129.
(pdftex.def)             Requested size: 360.0pt x 108.40767pt.
 [19 <./graphics/Artifact-eps-converted-to.pdf>]
Package epstopdf Info: Source file: <./graphics/Terminology.eps>
(epstopdf)                    date: 2018-10-13 15:41:55
(epstopdf)                    size: 48700 bytes
(epstopdf)             Output file: <./graphics/Terminology-eps-converted-to.pd
f>
(epstopdf)                    date: 2019-03-20 18:49:44
(epstopdf)                    size: 18666 bytes
(epstopdf)             Command: <epstopdf --outfile=./graphics/Terminology-eps-
converted-to.pdf ./graphics/Terminology.eps>
(epstopdf)             \includegraphics on input line 148.
Package epstopdf Info: Output file is already uptodate.
<./graphics/Terminology-eps-converted-to.pdf, id=557, 557.08125pt x 332.24126pt
>
File: ./graphics/Terminology-eps-converted-to.pdf Graphic file (type pdf)
<use ./graphics/Terminology-eps-converted-to.pdf>
Package pdftex.def Info: ./graphics/Terminology-eps-converted-to.pdf  used on i
nput line 148.
(pdftex.def)             Requested size: 360.0pt x 214.70712pt.
Package epstopdf Info: Source file: <./graphics/expression.eps>
(epstopdf)                    date: 2018-10-13 15:41:55
(epstopdf)                    size: 118916 bytes
(epstopdf)             Output file: <./graphics/expression-eps-converted-to.pdf
>
(epstopdf)                    date: 2019-03-20 18:49:45
(epstopdf)                    size: 27033 bytes
(epstopdf)             Command: <epstopdf --outfile=./graphics/expression-eps-c
onverted-to.pdf ./graphics/expression.eps>
(epstopdf)             \includegraphics on input line 162.
Package epstopdf Info: Output file is already uptodate.
<./graphics/expression-eps-converted-to.pdf, id=561, 622.325pt x 188.705pt>
File: ./graphics/expression-eps-converted-to.pdf Graphic file (type pdf)
<use ./graphics/expression-eps-converted-to.pdf>
Package pdftex.def Info: ./graphics/expression-eps-converted-to.pdf  used on in
put line 162.
(pdftex.def)             Requested size: 323.9978pt x 98.24521pt.
 [20 <./graphics/artifact2-eps-converted-to.pdf>] [21 <./graphics/Terminology-e
ps-converted-to.pdf> <./graphics/expression-eps-converted-to.pdf>]
Package epstopdf Info: Source file: <./graphics/term.eps>
(epstopdf)                    date: 2018-10-13 15:41:55
(epstopdf)                    size: 204223 bytes
(epstopdf)             Output file: <./graphics/term-eps-converted-to.pdf>
(epstopdf)                    date: 2019-03-20 18:49:46
(epstopdf)                    size: 53313 bytes
(epstopdf)             Command: <epstopdf --outfile=./graphics/term-eps-convert
ed-to.pdf ./graphics/term.eps>
(epstopdf)             \includegraphics on input line 178.
Package epstopdf Info: Output file is already uptodate.
<./graphics/term-eps-converted-to.pdf, id=622, 703.62875pt x 395.4775pt>
File: ./graphics/term-eps-converted-to.pdf Graphic file (type pdf)
<use ./graphics/term-eps-converted-to.pdf>
Package pdftex.def Info: ./graphics/term-eps-converted-to.pdf  used on input li
ne 178.
(pdftex.def)             Requested size: 360.0pt x 202.33655pt.
 [22 <./graphics/term-eps-converted-to.pdf>]
Package epstopdf Info: Source file: <./graphics/Argumentation.eps>
(epstopdf)                    date: 2018-10-13 15:41:55
(epstopdf)                    size: 56511 bytes
(epstopdf)             Output file: <./graphics/Argumentation-eps-converted-to.
pdf>
(epstopdf)                    date: 2019-03-20 18:49:47
(epstopdf)                    size: 23281 bytes
(epstopdf)             Command: <epstopdf --outfile=./graphics/Argumentation-ep
s-converted-to.pdf ./graphics/Argumentation.eps>
(epstopdf)             \includegraphics on input line 202.
Package epstopdf Info: Output file is already uptodate.
<./graphics/Argumentation-eps-converted-to.pdf, id=635, 557.08125pt x 302.12875
pt>
File: ./graphics/Argumentation-eps-converted-to.pdf Graphic file (type pdf)
<use ./graphics/Argumentation-eps-converted-to.pdf>
Package pdftex.def Info: ./graphics/Argumentation-eps-converted-to.pdf  used on
 input line 202.
(pdftex.def)             Requested size: 360.0pt x 195.24727pt.
 [23 <./graphics/Argumentation-eps-converted-to.pdf>]
Overfull \hbox (32.47978pt too wide) in paragraph at lines 235--237
\OT1/cmr/m/n/10.95 re-la-tion-ships, in-di-cated by the \OT1/cmr/m/it/10.95 +is
-Counter \OT1/cmr/m/n/10.95 fea-ture to present counter-arguments[][][][][]): 
 []

[24] [25]
Package epstopdf Info: Source file: <./graphics/assertedClaim.eps>
(epstopdf)                    date: 2018-10-13 15:41:55
(epstopdf)                    size: 288616 bytes
(epstopdf)             Output file: <./graphics/assertedClaim-eps-converted-to.
pdf>
(epstopdf)                    date: 2019-03-20 18:53:40
(epstopdf)                    size: 78396 bytes
(epstopdf)             Command: <epstopdf --outfile=./graphics/assertedClaim-ep
s-converted-to.pdf ./graphics/assertedClaim.eps>
(epstopdf)             \includegraphics on input line 273.
Package epstopdf Info: Output file is already uptodate.
<./graphics/assertedClaim-eps-converted-to.pdf, id=724, 591.20876pt x 366.36874
pt>
File: ./graphics/assertedClaim-eps-converted-to.pdf Graphic file (type pdf)
<use ./graphics/assertedClaim-eps-converted-to.pdf>
Package pdftex.def Info: ./graphics/assertedClaim-eps-converted-to.pdf  used on
 input line 273.
(pdftex.def)             Requested size: 251.9989pt x 156.16026pt.
<./graphics/goal_asserted.pdf, id=725, 158.8595pt x 155.84825pt>
File: ./graphics/goal_asserted.pdf Graphic file (type pdf)
<use ./graphics/goal_asserted.pdf>
Package pdftex.def Info: ./graphics/goal_asserted.pdf  used on input line 279.
(pdftex.def)             Requested size: 100.79956pt x 98.89119pt.
Package epstopdf Info: Source file: <./graphics/needsSupportClaim.eps>
(epstopdf)                    date: 2018-10-13 15:41:55
(epstopdf)                    size: 203516 bytes
(epstopdf)             Output file: <./graphics/needsSupportClaim-eps-converted
-to.pdf>
(epstopdf)                    date: 2019-03-20 18:56:26
(epstopdf)                    size: 53504 bytes
(epstopdf)             Command: <epstopdf --outfile=./graphics/needsSupportClai
m-eps-converted-to.pdf ./graphics/needsSupportClaim.eps>
(epstopdf)             \includegraphics on input line 293.
Package epstopdf Info: Output file is already uptodate.
<./graphics/needsSupportClaim-eps-converted-to.pdf, id=728, 574.145pt x 273.02p
t>
File: ./graphics/needsSupportClaim-eps-converted-to.pdf Graphic file (type pdf)

<use ./graphics/needsSupportClaim-eps-converted-to.pdf>
Package pdftex.def Info: ./graphics/needsSupportClaim-eps-converted-to.pdf  use
d on input line 293.
(pdftex.def)             Requested size: 251.9989pt x 119.82922pt.
<./graphics/undevGoal.png, id=729, 156.585pt x 112.92188pt>
File: ./graphics/undevGoal.png Graphic file (type png)
<use ./graphics/undevGoal.png>
Package pdftex.def Info: ./graphics/undevGoal.png  used on input line 299.
(pdftex.def)             Requested size: 100.79956pt x 72.6936pt.
Package epstopdf Info: Source file: <./graphics/assumedClaim.eps>
(epstopdf)                    date: 2018-10-13 15:41:55
(epstopdf)                    size: 137477 bytes
(epstopdf)             Output file: <./graphics/assumedClaim-eps-converted-to.p
df>
(epstopdf)                    date: 2019-03-20 18:56:28
(epstopdf)                    size: 31859 bytes
(epstopdf)             Command: <epstopdf --outfile=./graphics/assumedClaim-eps
-converted-to.pdf ./graphics/assumedClaim.eps>
(epstopdf)             \includegraphics on input line 314.
Package epstopdf Info: Output file is already uptodate.
<./graphics/assumedClaim-eps-converted-to.pdf, id=732, 574.145pt x 273.02pt>
File: ./graphics/assumedClaim-eps-converted-to.pdf Graphic file (type pdf)
<use ./graphics/assumedClaim-eps-converted-to.pdf>
Package pdftex.def Info: ./graphics/assumedClaim-eps-converted-to.pdf  used on 
input line 314.
(pdftex.def)             Requested size: 251.9989pt x 119.82922pt.
<./graphics/example_assumption.png, id=733, 211.79124pt x 130.4875pt>
File: ./graphics/example_assumption.png Graphic file (type png)
<use ./graphics/example_assumption.png>
Package pdftex.def Info: ./graphics/example_assumption.png  used on input line 
320.
(pdftex.def)             Requested size: 100.79956pt x 62.10365pt.
 [26 <./graphics/assertedClaim-eps-converted-to.pdf> <./graphics/goal_asserted.
pdf>] [27 <./graphics/needsSupportClaim-eps-converted-to.pdf> <./graphics/undev
Goal.png> <./graphics/assumedClaim-eps-converted-to.pdf> <./graphics/example_as
sumption.png>]
Package epstopdf Info: Source file: <./graphics/axiomaticClaim.eps>
(epstopdf)                    date: 2018-10-13 15:41:55
(epstopdf)                    size: 142821 bytes
(epstopdf)             Output file: <./graphics/axiomaticClaim-eps-converted-to
.pdf>
(epstopdf)                    date: 2019-03-20 18:56:29
(epstopdf)                    size: 33841 bytes
(epstopdf)             Command: <epstopdf --outfile=./graphics/axiomaticClaim-e
ps-converted-to.pdf ./graphics/axiomaticClaim.eps>
(epstopdf)             \includegraphics on input line 335.
Package epstopdf Info: Output file is already uptodate.
<./graphics/axiomaticClaim-eps-converted-to.pdf, id=760, 574.145pt x 273.02pt>
File: ./graphics/axiomaticClaim-eps-converted-to.pdf Graphic file (type pdf)
<use ./graphics/axiomaticClaim-eps-converted-to.pdf>
Package pdftex.def Info: ./graphics/axiomaticClaim-eps-converted-to.pdf  used o
n input line 335.
(pdftex.def)             Requested size: 251.9989pt x 119.82922pt.
<./graphics/example_justification.png, id=761, 156.585pt x 100.87688pt>
File: ./graphics/example_justification.png Graphic file (type png)
<use ./graphics/example_justification.png>
Package pdftex.def Info: ./graphics/example_justification.png  used on input li
ne 341.
(pdftex.def)             Requested size: 100.79956pt x 64.93962pt.
Package epstopdf Info: Source file: <./graphics/defeatedClaim.eps>
(epstopdf)                    date: 2018-10-13 15:41:55
(epstopdf)                    size: 269605 bytes
(epstopdf)             Output file: <./graphics/defeatedClaim-eps-converted-to.
pdf>
(epstopdf)                    date: 2019-03-20 18:57:28
(epstopdf)                    size: 74075 bytes
(epstopdf)             Command: <epstopdf --outfile=./graphics/defeatedClaim-ep
s-converted-to.pdf ./graphics/defeatedClaim.eps>
(epstopdf)             \includegraphics on input line 349.
Package epstopdf Info: Output file is already uptodate.
<./graphics/defeatedClaim-eps-converted-to.pdf, id=762, 602.25pt x 366.36874pt>

File: ./graphics/defeatedClaim-eps-converted-to.pdf Graphic file (type pdf)
<use ./graphics/defeatedClaim-eps-converted-to.pdf>
Package pdftex.def Info: ./graphics/defeatedClaim-eps-converted-to.pdf  used on
 input line 349.
(pdftex.def)             Requested size: 323.9978pt x 197.10384pt.
Package epstopdf Info: Source file: <./graphics/asCitedClaim.eps>
(epstopdf)                    date: 2018-10-13 15:41:55
(epstopdf)                    size: 329747 bytes
(epstopdf)             Output file: <./graphics/asCitedClaim-eps-converted-to.p
df>
(epstopdf)                    date: 2019-03-20 18:56:32
(epstopdf)                    size: 92780 bytes
(epstopdf)             Command: <epstopdf --outfile=./graphics/asCitedClaim-eps
-converted-to.pdf ./graphics/asCitedClaim.eps>
(epstopdf)             \includegraphics on input line 360.
Package epstopdf Info: Output file is already uptodate.
<./graphics/asCitedClaim-eps-converted-to.pdf, id=764, 788.9475pt x 404.51125pt
>
File: ./graphics/asCitedClaim-eps-converted-to.pdf Graphic file (type pdf)
<use ./graphics/asCitedClaim-eps-converted-to.pdf>
Package pdftex.def Info: ./graphics/asCitedClaim-eps-converted-to.pdf  used on 
input line 360.
(pdftex.def)             Requested size: 360.0pt x 184.57755pt.
 [28 <./graphics/axiomaticClaim-eps-converted-to.pdf> <./graphics/example_justi
fication.png> <./graphics/defeatedClaim-eps-converted-to.pdf>]
Package epstopdf Info: Source file: <./graphics/assertedInference.eps>
(epstopdf)                    date: 2018-10-13 15:41:55
(epstopdf)                    size: 202176 bytes
(epstopdf)             Output file: <./graphics/assertedInference-eps-converted
-to.pdf>
(epstopdf)                    date: 2019-03-20 18:56:33
(epstopdf)                    size: 54169 bytes
(epstopdf)             Command: <epstopdf --outfile=./graphics/assertedInferenc
e-eps-converted-to.pdf ./graphics/assertedInference.eps>
(epstopdf)             \includegraphics on input line 383.
Package epstopdf Info: Output file is already uptodate.
<./graphics/assertedInference-eps-converted-to.pdf, id=776, 387.4475pt x 361.35
pt>
File: ./graphics/assertedInference-eps-converted-to.pdf Graphic file (type pdf)

<use ./graphics/assertedInference-eps-converted-to.pdf>
Package pdftex.def Info: ./graphics/assertedInference-eps-converted-to.pdf  use
d on input line 383.
(pdftex.def)             Requested size: 176.40198pt x 164.51927pt.
Package epstopdf Info: Source file: <./graphics/assertedContext.eps>
(epstopdf)                    date: 2018-10-13 15:41:55
(epstopdf)                    size: 199276 bytes
(epstopdf)             Output file: <./graphics/assertedContext-eps-converted-t
o.pdf>
(epstopdf)                    date: 2019-03-20 18:56:35
(epstopdf)                    size: 53113 bytes
(epstopdf)             Command: <epstopdf --outfile=./graphics/assertedContext-
eps-converted-to.pdf ./graphics/assertedContext.eps>
(epstopdf)             \includegraphics on input line 389.
Package epstopdf Info: Output file is already uptodate.
<./graphics/assertedContext-eps-converted-to.pdf, id=777, 388.45125pt x 361.35p
t>
File: ./graphics/assertedContext-eps-converted-to.pdf Graphic file (type pdf)
<use ./graphics/assertedContext-eps-converted-to.pdf>
Package pdftex.def Info: ./graphics/assertedContext-eps-converted-to.pdf  used 
on input line 389.
(pdftex.def)             Requested size: 176.40198pt x 164.10022pt.
 [29 <./graphics/asCitedClaim-eps-converted-to.pdf>]
Package epstopdf Info: Source file: <./graphics/assertedEvidence.eps>
(epstopdf)                    date: 2018-10-13 15:41:55
(epstopdf)                    size: 252380 bytes
(epstopdf)             Output file: <./graphics/assertedEvidence-eps-converted-
to.pdf>
(epstopdf)                    date: 2019-03-20 18:56:36
(epstopdf)                    size: 69946 bytes
(epstopdf)             Command: <epstopdf --outfile=./graphics/assertedEvidence
-eps-converted-to.pdf ./graphics/assertedEvidence.eps>
(epstopdf)             \includegraphics on input line 403.
Package epstopdf Info: Output file is already uptodate.
<./graphics/assertedEvidence-eps-converted-to.pdf, id=790, 564.1075pt x 361.35p
t>
File: ./graphics/assertedEvidence-eps-converted-to.pdf Graphic file (type pdf)
<use ./graphics/assertedEvidence-eps-converted-to.pdf>
Package pdftex.def Info: ./graphics/assertedEvidence-eps-converted-to.pdf  used
 on input line 403.
(pdftex.def)             Requested size: 288.0011pt x 184.48456pt.
Package epstopdf Info: Source file: <./graphics/assertedArtifactSupport.eps>
(epstopdf)                    date: 2018-10-13 15:41:55
(epstopdf)                    size: 312388 bytes
(epstopdf)             Output file: <./graphics/assertedArtifactSupport-eps-con
verted-to.pdf>
(epstopdf)                    date: 2019-03-20 18:56:37
(epstopdf)                    size: 88456 bytes
(epstopdf)             Command: <epstopdf --outfile=./graphics/assertedArtifact
Support-eps-converted-to.pdf ./graphics/assertedArtifactSupport.eps>
(epstopdf)             \includegraphics on input line 413.
Package epstopdf Info: Output file is already uptodate.
<./graphics/assertedArtifactSupport-eps-converted-to.pdf, id=792, 761.84625pt x
 361.35pt>
File: ./graphics/assertedArtifactSupport-eps-converted-to.pdf Graphic file (typ
e pdf)
<use ./graphics/assertedArtifactSupport-eps-converted-to.pdf>
Package pdftex.def Info: ./graphics/assertedArtifactSupport-eps-converted-to.pd
f  used on input line 413.
(pdftex.def)             Requested size: 323.9978pt x 153.67372pt.
 [30 <./graphics/assertedInference-eps-converted-to.pdf> <./graphics/assertedCo
ntext-eps-converted-to.pdf>]
Package epstopdf Info: Source file: <./graphics/argumentReasoning.eps>
(epstopdf)                    date: 2018-10-13 15:41:55
(epstopdf)                    size: 360679 bytes
(epstopdf)             Output file: <./graphics/argumentReasoning-eps-converted
-to.pdf>
(epstopdf)                    date: 2019-03-20 18:56:39
(epstopdf)                    size: 104576 bytes
(epstopdf)             Command: <epstopdf --outfile=./graphics/argumentReasonin
g-eps-converted-to.pdf ./graphics/argumentReasoning.eps>
(epstopdf)             \includegraphics on input line 423.
Package epstopdf Info: Output file is already uptodate.
<./graphics/argumentReasoning-eps-converted-to.pdf, id=804, 795.97375pt x 361.3
5pt>
File: ./graphics/argumentReasoning-eps-converted-to.pdf Graphic file (type pdf)

<use ./graphics/argumentReasoning-eps-converted-to.pdf>
Package pdftex.def Info: ./graphics/argumentReasoning-eps-converted-to.pdf  use
d on input line 423.
(pdftex.def)             Requested size: 360.0pt x 163.42754pt.
Package epstopdf Info: Source file: <./graphics/pattern.eps>
(epstopdf)                    date: 2018-10-13 15:41:55
(epstopdf)                    size: 366284 bytes
(epstopdf)             Output file: <./graphics/pattern-eps-converted-to.pdf>
(epstopdf)                    date: 2019-03-20 18:56:41
(epstopdf)                    size: 96808 bytes
(epstopdf)             Command: <epstopdf --outfile=./graphics/pattern-eps-conv
erted-to.pdf ./graphics/pattern.eps>
(epstopdf)             \includegraphics on input line 443.
Package epstopdf Info: Output file is already uptodate.
<./graphics/pattern-eps-converted-to.pdf, id=809, 620.3175pt x 843.15pt>
File: ./graphics/pattern-eps-converted-to.pdf Graphic file (type pdf)
<use ./graphics/pattern-eps-converted-to.pdf>
Package pdftex.def Info: ./graphics/pattern-eps-converted-to.pdf  used on input
 line 443.
(pdftex.def)             Requested size: 360.0pt x 489.31038pt.
 [31 <./graphics/assertedEvidence-eps-converted-to.pdf>] [32 <./graphics/assert
edArtifactSupport-eps-converted-to.pdf> <./graphics/argumentReasoning-eps-conve
rted-to.pdf>]
LaTeX Font Info:    Font shape `OMS/cmr/m/it' in size <10.95> not available
(Font)              Font shape `OMS/cmsy/m/n' tried instead on input line 454.
 [33] [34 <./graphics/pattern-eps-converted-to.pdf>]
Package epstopdf Info: Source file: <./graphics/etcs_example.eps>
(epstopdf)                    date: 2018-10-13 15:41:55
(epstopdf)                    size: 731084 bytes
(epstopdf)             Output file: <./graphics/etcs_example-eps-converted-to.p
df>
(epstopdf)                    date: 2019-03-20 18:56:43
(epstopdf)                    size: 207524 bytes
(epstopdf)             Command: <epstopdf --outfile=./graphics/etcs_example-eps
-converted-to.pdf ./graphics/etcs_example.eps>
(epstopdf)             \includegraphics on input line 491.
Package epstopdf Info: Output file is already uptodate.
<./graphics/etcs_example-eps-converted-to.pdf, id=850, 558.085pt x 998.73125pt>

File: ./graphics/etcs_example-eps-converted-to.pdf Graphic file (type pdf)
<use ./graphics/etcs_example-eps-converted-to.pdf>
Package pdftex.def Info: ./graphics/etcs_example-eps-converted-to.pdf  used on 
input line 491.
(pdftex.def)             Requested size: 288.0011pt x 515.41147pt.


LaTeX Warning: Float too large for page by 6.01123pt on input line 494.


Overfull \hbox (1.38547pt too wide) in paragraph at lines 496--499
\OT1/cmr/m/n/10.95 cases. In Fig-ure [][]33[][], there are three \OT1/cmr/m/it/
10.95 As-sur-ance-CaseP-a-ck-age\OT1/cmr/m/n/10.95 s. $[]$
 []

[35] [36 <./graphics/etcs_example-eps-converted-to.pdf>]
Overfull \hbox (26.67589pt too wide) in paragraph at lines 505--511
\OT1/cmr/m/it/10.95 ance-CaseP-a-ck-age-Bind-ing \OT1/cmr/m/n/10.95 ($[]$) spec
if-i-cally to bind $[]$
 []

) (5.gsn_and_sacm.tex [37]
Package epstopdf Info: Source file: <./graphics/GSN.eps>
(epstopdf)                    date: 2018-10-13 15:41:55
(epstopdf)                    size: 55694 bytes
(epstopdf)             Output file: <./graphics/GSN-eps-converted-to.pdf>
(epstopdf)                    date: 2019-03-20 18:59:36
(epstopdf)                    size: 21989 bytes
(epstopdf)             Command: <epstopdf --outfile=./graphics/GSN-eps-converte
d-to.pdf ./graphics/GSN.eps>
(epstopdf)             \includegraphics on input line 15.
Package epstopdf Info: Output file is already uptodate.
<./graphics/GSN-eps-converted-to.pdf, id=871, 557.08125pt x 348.30125pt>
File: ./graphics/GSN-eps-converted-to.pdf Graphic file (type pdf)
<use ./graphics/GSN-eps-converted-to.pdf>
Package pdftex.def Info: ./graphics/GSN-eps-converted-to.pdf  used on input lin
e 15.
(pdftex.def)             Requested size: 360.0pt x 225.08572pt.
 [38 <./graphics/GSN-eps-converted-to.pdf>] [39]
[40]
Package epstopdf Info: Source file: <./graphics/CAE.eps>
(epstopdf)                    date: 2018-10-13 15:41:55
(epstopdf)                    size: 49611 bytes
(epstopdf)             Output file: <./graphics/CAE-eps-converted-to.pdf>
(epstopdf)                    date: 2019-03-20 18:59:36
(epstopdf)                    size: 12532 bytes
(epstopdf)             Command: <epstopdf --outfile=./graphics/CAE-eps-converte
d-to.pdf ./graphics/CAE.eps>
(epstopdf)             \includegraphics on input line 108.
Package epstopdf Info: Output file is already uptodate.
<./graphics/CAE-eps-converted-to.pdf, id=985, 557.08125pt x 324.21124pt>
File: ./graphics/CAE-eps-converted-to.pdf Graphic file (type pdf)
<use ./graphics/CAE-eps-converted-to.pdf>
Package pdftex.def Info: ./graphics/CAE-eps-converted-to.pdf  used on input lin
e 108.
(pdftex.def)             Requested size: 360.0pt x 209.51782pt.
 [41 <./graphics/CAE-eps-converted-to.pdf>]) (6.tool_support.tex
<./graphics/ac_view.pdf, id=1041, 456.70625pt x 336.25626pt>
File: ./graphics/ac_view.pdf Graphic file (type pdf)
<use ./graphics/ac_view.pdf>
Package pdftex.def Info: ./graphics/ac_view.pdf  used on input line 11.
(pdftex.def)             Requested size: 176.40198pt x 129.87721pt.
<./graphics/module_view.pdf, id=1042, 453.695pt x 340.27126pt>
File: ./graphics/module_view.pdf Graphic file (type pdf)
<use ./graphics/module_view.pdf>
Package pdftex.def Info: ./graphics/module_view.pdf  used on input line 17.
(pdftex.def)             Requested size: 176.40198pt x 132.30026pt.

Overfull \hbox (0.31216pt too wide) in paragraph at lines 23--27
[]\OT1/cmr/m/n/10.95 ACME is im-ple-mented us-ing the Graph-i-cal Mod-elling Fr
ame-work (GMF)
 []

[42 <./graphics/ac_view.pdf> <./graphics/module_view.pdf>]
<./graphics/artifact_view.pdf, id=1067, 757.83125pt x 482.80376pt>
File: ./graphics/artifact_view.pdf Graphic file (type pdf)
<use ./graphics/artifact_view.pdf>
Package pdftex.def Info: ./graphics/artifact_view.pdf  used on input line 33.
(pdftex.def)             Requested size: 323.9978pt x 206.41548pt.
 [43 <./graphics/artifact_view.pdf>]
<./graphics/terminology_view.pdf, id=1084, 1086.0575pt x 511.9125pt>
File: ./graphics/terminology_view.pdf Graphic file (type pdf)
<use ./graphics/terminology_view.pdf>
Package pdftex.def Info: ./graphics/terminology_view.pdf  used on input line 43
.
(pdftex.def)             Requested size: 360.0pt x 169.68933pt.
<./graphics/gsn2sacm_view.pdf, id=1087, 626.34pt x 531.9875pt>
File: ./graphics/gsn2sacm_view.pdf Graphic file (type pdf)
<use ./graphics/gsn2sacm_view.pdf>
Package pdftex.def Info: ./graphics/gsn2sacm_view.pdf  used on input line 52.
(pdftex.def)             Requested size: 216.0022pt x 183.46283pt.
 [44 <./graphics/terminology_view.pdf>] [45 <./graphics/gsn2sacm_view.pdf>]) (7
.conclusion.tex [46])
Missing character: There is no  in font cmr10!
Missing character: There is no  in font cmr10!
Missing character: There is no  in font cmr10!
 (paper.bbl [47] [48] [49]
Underfull \hbox (badness 10000) in paragraph at lines 175--177
[]\OT1/cmr/m/n/10.95 ``Graphical Mod-el-ing Frame-work.'' [][]$\OT1/cmtt/m/n/10
.95 https : / / www . eclipse . org /
 []

) [50]
Package atveryend Info: Empty hook `BeforeClearDocument' on input line 114.
Package atveryend Info: Empty hook `AfterLastShipout' on input line 114.
 (paper.aux)
Package atveryend Info: Executing hook `AtVeryEndDocument' on input line 114.
Package atveryend Info: Executing hook `AtEndAfterFileList' on input line 114.
Package rerunfilecheck Info: File `paper.out' has not changed.
(rerunfilecheck)             Checksum: AFDC09ED821044DC8B55B1D0DEB228DB;2291.
Package atveryend Info: Empty hook `AtVeryVeryEnd' on input line 114.
 ) 
Here is how much of TeX's memory you used:
 19925 strings out of 493303
 377023 string characters out of 3130219
 443589 words of memory out of 3000000
 22909 multiletter control sequences out of 15000+200000
 10201 words of font info for 36 fonts, out of 3000000 for 9000
 1141 hyphenation exceptions out of 8191
 62i,16n,78p,607b,644s stack positions out of 5000i,500n,10000p,200000b,50000s
<C:/Users/rwei/AppData/Local/Programs/MiKTeX 2.9/fonts/type1/public/amsfonts/
cm/cmbx10.pfb><C:/Users/rwei/AppData/Local/Programs/MiKTeX 2.9/fonts/type1/publ
ic/amsfonts/cm/cmbx6.pfb><C:/Users/rwei/AppData/Local/Programs/MiKTeX 2.9/fonts
/type1/public/amsfonts/cm/cmbx8.pfb><C:/Users/rwei/AppData/Local/Programs/MiKTe
X 2.9/fonts/type1/public/amsfonts/cm/cmbx9.pfb><C:/Users/rwei/AppData/Local/Pro
grams/MiKTeX 2.9/fonts/type1/public/amsfonts/cm/cmmi10.pfb><C:/Users/rwei/AppDa
ta/Local/Programs/MiKTeX 2.9/fonts/type1/public/amsfonts/cm/cmr10.pfb><C:/Users
/rwei/AppData/Local/Programs/MiKTeX 2.9/fonts/type1/public/amsfonts/cm/cmr12.pf
b><C:/Users/rwei/AppData/Local/Programs/MiKTeX 2.9/fonts/type1/public/amsfonts/
cm/cmr6.pfb><C:/Users/rwei/AppData/Local/Programs/MiKTeX 2.9/fonts/type1/public
/amsfonts/cm/cmr8.pfb><C:/Users/rwei/AppData/Local/Programs/MiKTeX 2.9/fonts/ty
pe1/public/amsfonts/cm/cmr9.pfb><C:/Users/rwei/AppData/Local/Programs/MiKTeX 2.
9/fonts/type1/public/amsfonts/cm/cmsy10.pfb><C:/Users/rwei/AppData/Local/Progra
ms/MiKTeX 2.9/fonts/type1/public/amsfonts/cm/cmsy6.pfb><C:/Users/rwei/AppData/L
ocal/Programs/MiKTeX 2.9/fonts/type1/public/amsfonts/cm/cmsy8.pfb><C:/Users/rwe
i/AppData/Local/Programs/MiKTeX 2.9/fonts/type1/public/amsfonts/cm/cmti10.pfb><
C:/Users/rwei/AppData/Local/Programs/MiKTeX 2.9/fonts/type1/public/amsfonts/cm/
cmti7.pfb><C:/Users/rwei/AppData/Local/Programs/MiKTeX 2.9/fonts/type1/public/a
msfonts/cm/cmti9.pfb><C:/Users/rwei/AppData/Local/Programs/MiKTeX 2.9/fonts/typ
e1/public/amsfonts/cm/cmtt10.pfb><C:/Users/rwei/AppData/Local/Programs/MiKTeX 2
.9/fonts/type1/public/amsfonts/cm/cmtt9.pfb>
Output written on paper.pdf (50 pages, 2047255 bytes).
PDF statistics:
 1242 PDF objects out of 1440 (max. 8388607)
 202 named destinations out of 1000 (max. 500000)
 437 words of extra memory for PDF output out of 10000 (max. 10000000)

